2025-04-01T11:17:16.590+09:00  INFO 6440 --- [greenuniversity] [restartedMain] kr.co.greenuniversity.DemoApplication    : Starting DemoApplication v0.0.1-SNAPSHOT using Java 17.0.12 with PID 6440 (C:\Users\lotte6\Desktop\greendae\build\classes\java\main started by lotte6 in C:\Users\lotte6\Desktop\greendae)
2025-04-01T11:17:16.593+09:00  INFO 6440 --- [greenuniversity] [restartedMain] kr.co.greenuniversity.DemoApplication    : No active profile set, falling back to 1 default profile: "default"
2025-04-01T11:17:16.627+09:00  INFO 6440 --- [greenuniversity] [restartedMain] .e.DevToolsPropertyDefaultsPostProcessor : Devtools property defaults active! Set 'spring.devtools.add-properties' to 'false' to disable
2025-04-01T11:17:16.628+09:00  INFO 6440 --- [greenuniversity] [restartedMain] .e.DevToolsPropertyDefaultsPostProcessor : For additional web related logging consider setting the 'logging.level.web' property to 'DEBUG'
2025-04-01T11:17:17.269+09:00  INFO 6440 --- [greenuniversity] [restartedMain] .s.d.r.c.RepositoryConfigurationDelegate : Bootstrapping Spring Data JPA repositories in DEFAULT mode.
2025-04-01T11:17:17.343+09:00  INFO 6440 --- [greenuniversity] [restartedMain] .s.d.r.c.RepositoryConfigurationDelegate : Finished Spring Data repository scanning in 67 ms. Found 10 JPA repository interfaces.
2025-04-01T11:17:17.440+09:00  WARN 6440 --- [greenuniversity] [restartedMain] o.m.s.mapper.ClassPathMapperScanner      : No MyBatis mapper was found in '[kr.co.greenuniversity]' package. Please check your configuration.
2025-04-01T11:17:17.915+09:00  INFO 6440 --- [greenuniversity] [restartedMain] o.s.b.w.embedded.tomcat.TomcatWebServer  : Tomcat initialized with port 8081 (http)
2025-04-01T11:17:17.926+09:00  INFO 6440 --- [greenuniversity] [restartedMain] o.apache.catalina.core.StandardService   : Starting service [Tomcat]
2025-04-01T11:17:17.926+09:00  INFO 6440 --- [greenuniversity] [restartedMain] o.apache.catalina.core.StandardEngine    : Starting Servlet engine: [Apache Tomcat/10.1.39]
2025-04-01T11:17:17.963+09:00  INFO 6440 --- [greenuniversity] [restartedMain] o.a.c.c.C.[Tomcat].[localhost].[/]       : Initializing Spring embedded WebApplicationContext
2025-04-01T11:17:17.964+09:00  INFO 6440 --- [greenuniversity] [restartedMain] w.s.c.ServletWebServerApplicationContext : Root WebApplicationContext: initialization completed in 1336 ms
2025-04-01T11:17:18.106+09:00  INFO 6440 --- [greenuniversity] [restartedMain] o.hibernate.jpa.internal.util.LogHelper  : HHH000204: Processing PersistenceUnitInfo [name: default]
2025-04-01T11:17:18.150+09:00  INFO 6440 --- [greenuniversity] [restartedMain] org.hibernate.Version                    : HHH000412: Hibernate ORM core version 6.6.11.Final
2025-04-01T11:17:18.181+09:00  INFO 6440 --- [greenuniversity] [restartedMain] o.h.c.internal.RegionFactoryInitiator    : HHH000026: Second-level cache disabled
2025-04-01T11:17:18.425+09:00  INFO 6440 --- [greenuniversity] [restartedMain] o.s.o.j.p.SpringPersistenceUnitInfo      : No LoadTimeWeaver setup: ignoring JPA class transformer
2025-04-01T11:17:18.453+09:00  INFO 6440 --- [greenuniversity] [restartedMain] com.zaxxer.hikari.HikariDataSource       : HikariPool-1 - Starting...
2025-04-01T11:17:18.822+09:00  INFO 6440 --- [greenuniversity] [restartedMain] com.zaxxer.hikari.pool.HikariPool        : HikariPool-1 - Added connection com.mysql.cj.jdbc.ConnectionImpl@2becb9c8
2025-04-01T11:17:18.824+09:00  INFO 6440 --- [greenuniversity] [restartedMain] com.zaxxer.hikari.HikariDataSource       : HikariPool-1 - Start completed.
2025-04-01T11:17:18.881+09:00  WARN 6440 --- [greenuniversity] [restartedMain] org.hibernate.orm.deprecation            : HHH90000025: MySQLDialect does not need to be specified explicitly using 'hibernate.dialect' (remove the property setting and it will be selected by default)
2025-04-01T11:17:18.896+09:00  INFO 6440 --- [greenuniversity] [restartedMain] org.hibernate.orm.connections.pooling    : HHH10001005: Database info:
	Database JDBC URL [Connecting through datasource 'HikariDataSource (HikariPool-1)']
	Database driver: undefined/unknown
	Database version: 8.4.4
	Autocommit mode: undefined/unknown
	Isolation level: undefined/unknown
	Minimum pool size: undefined/unknown
	Maximum pool size: undefined/unknown
2025-04-01T11:17:18.900+09:00 DEBUG 6440 --- [greenuniversity] [restartedMain] o.h.t.d.sql.spi.DdlTypeRegistry          : addDescriptor(12, org.hibernate.type.descriptor.sql.internal.CapacityDependentDdlType@7618cf83) replaced previous registration(org.hibernate.type.descriptor.sql.internal.CapacityDependentDdlType@51ca3da8)
2025-04-01T11:17:18.901+09:00 DEBUG 6440 --- [greenuniversity] [restartedMain] o.h.t.d.sql.spi.DdlTypeRegistry          : addDescriptor(-9, org.hibernate.type.descriptor.sql.internal.CapacityDependentDdlType@33859556) replaced previous registration(org.hibernate.type.descriptor.sql.internal.CapacityDependentDdlType@3c4c9a8e)
2025-04-01T11:17:18.901+09:00 DEBUG 6440 --- [greenuniversity] [restartedMain] o.h.t.d.sql.spi.DdlTypeRegistry          : addDescriptor(-3, org.hibernate.type.descriptor.sql.internal.CapacityDependentDdlType@c982e53) replaced previous registration(org.hibernate.type.descriptor.sql.internal.CapacityDependentDdlType@cbf6515)
2025-04-01T11:17:18.901+09:00 DEBUG 6440 --- [greenuniversity] [restartedMain] o.h.t.d.sql.spi.DdlTypeRegistry          : addDescriptor(4003, org.hibernate.type.descriptor.sql.internal.DdlTypeImpl@138f7ef1) replaced previous registration(org.hibernate.type.descriptor.sql.internal.DdlTypeImpl@4b4f1ee4)
2025-04-01T11:17:18.901+09:00 DEBUG 6440 --- [greenuniversity] [restartedMain] o.h.t.d.sql.spi.DdlTypeRegistry          : addDescriptor(4001, org.hibernate.type.descriptor.sql.internal.DdlTypeImpl@6e85b68) replaced previous registration(org.hibernate.type.descriptor.sql.internal.DdlTypeImpl@7108116d)
2025-04-01T11:17:18.901+09:00 DEBUG 6440 --- [greenuniversity] [restartedMain] o.h.t.d.sql.spi.DdlTypeRegistry          : addDescriptor(4002, org.hibernate.type.descriptor.sql.internal.DdlTypeImpl@1998814b) replaced previous registration(org.hibernate.type.descriptor.sql.internal.DdlTypeImpl@2a9304a2)
2025-04-01T11:17:18.902+09:00 DEBUG 6440 --- [greenuniversity] [restartedMain] o.h.t.d.sql.spi.DdlTypeRegistry          : addDescriptor(2004, org.hibernate.type.descriptor.sql.internal.CapacityDependentDdlType@6e643983) replaced previous registration(org.hibernate.type.descriptor.sql.internal.DdlTypeImpl@5f56ce5b)
2025-04-01T11:17:18.902+09:00 DEBUG 6440 --- [greenuniversity] [restartedMain] o.h.t.d.sql.spi.DdlTypeRegistry          : addDescriptor(2005, org.hibernate.type.descriptor.sql.internal.CapacityDependentDdlType@2199e23) replaced previous registration(org.hibernate.type.descriptor.sql.internal.DdlTypeImpl@309d3cd6)
2025-04-01T11:17:18.902+09:00 DEBUG 6440 --- [greenuniversity] [restartedMain] o.h.t.d.sql.spi.DdlTypeRegistry          : addDescriptor(2011, org.hibernate.type.descriptor.sql.internal.CapacityDependentDdlType@7f7ab367) replaced previous registration(org.hibernate.type.descriptor.sql.internal.DdlTypeImpl@16378ec5)
2025-04-01T11:17:19.211+09:00 ERROR 6440 --- [greenuniversity] [restartedMain] j.LocalContainerEntityManagerFactoryBean : Failed to initialize JPA EntityManagerFactory: [PersistenceUnit: default] Unable to build Hibernate SessionFactory; nested exception is org.hibernate.MappingException: Column 'lecture_code' is duplicated in mapping for entity 'kr.co.greenuniversity.entity.Department' (use '@Column(insertable=false, updatable=false)' when mapping multiple properties to the same column)
2025-04-01T11:17:19.212+09:00  WARN 6440 --- [greenuniversity] [restartedMain] ConfigServletWebServerApplicationContext : Exception encountered during context initialization - cancelling refresh attempt: org.springframework.beans.factory.BeanCreationException: Error creating bean with name 'entityManagerFactory' defined in class path resource [org/springframework/boot/autoconfigure/orm/jpa/HibernateJpaConfiguration.class]: [PersistenceUnit: default] Unable to build Hibernate SessionFactory; nested exception is org.hibernate.MappingException: Column 'lecture_code' is duplicated in mapping for entity 'kr.co.greenuniversity.entity.Department' (use '@Column(insertable=false, updatable=false)' when mapping multiple properties to the same column)
2025-04-01T11:17:19.213+09:00  INFO 6440 --- [greenuniversity] [restartedMain] com.zaxxer.hikari.HikariDataSource       : HikariPool-1 - Shutdown initiated...
2025-04-01T11:17:19.248+09:00  INFO 6440 --- [greenuniversity] [restartedMain] com.zaxxer.hikari.HikariDataSource       : HikariPool-1 - Shutdown completed.
2025-04-01T11:17:19.249+09:00  INFO 6440 --- [greenuniversity] [restartedMain] o.apache.catalina.core.StandardService   : Stopping service [Tomcat]
2025-04-01T11:17:19.258+09:00  INFO 6440 --- [greenuniversity] [restartedMain] .s.b.a.l.ConditionEvaluationReportLogger : 

Error starting ApplicationContext. To display the condition evaluation report re-run your application with 'debug' enabled.
2025-04-01T11:17:19.272+09:00 ERROR 6440 --- [greenuniversity] [restartedMain] o.s.boot.SpringApplication               : Application run failed

org.springframework.beans.factory.BeanCreationException: Error creating bean with name 'entityManagerFactory' defined in class path resource [org/springframework/boot/autoconfigure/orm/jpa/HibernateJpaConfiguration.class]: [PersistenceUnit: default] Unable to build Hibernate SessionFactory; nested exception is org.hibernate.MappingException: Column 'lecture_code' is duplicated in mapping for entity 'kr.co.greenuniversity.entity.Department' (use '@Column(insertable=false, updatable=false)' when mapping multiple properties to the same column)
	at org.springframework.beans.factory.support.AbstractAutowireCapableBeanFactory.initializeBean(AbstractAutowireCapableBeanFactory.java:1812) ~[spring-beans-6.2.5.jar:6.2.5]
	at org.springframework.beans.factory.support.AbstractAutowireCapableBeanFactory.doCreateBean(AbstractAutowireCapableBeanFactory.java:601) ~[spring-beans-6.2.5.jar:6.2.5]
	at org.springframework.beans.factory.support.AbstractAutowireCapableBeanFactory.createBean(AbstractAutowireCapableBeanFactory.java:523) ~[spring-beans-6.2.5.jar:6.2.5]
	at org.springframework.beans.factory.support.AbstractBeanFactory.lambda$doGetBean$0(AbstractBeanFactory.java:339) ~[spring-beans-6.2.5.jar:6.2.5]
	at org.springframework.beans.factory.support.DefaultSingletonBeanRegistry.getSingleton(DefaultSingletonBeanRegistry.java:347) ~[spring-beans-6.2.5.jar:6.2.5]
	at org.springframework.beans.factory.support.AbstractBeanFactory.doGetBean(AbstractBeanFactory.java:337) ~[spring-beans-6.2.5.jar:6.2.5]
	at org.springframework.beans.factory.support.AbstractBeanFactory.getBean(AbstractBeanFactory.java:207) ~[spring-beans-6.2.5.jar:6.2.5]
	at org.springframework.context.support.AbstractApplicationContext.finishBeanFactoryInitialization(AbstractApplicationContext.java:970) ~[spring-context-6.2.5.jar:6.2.5]
	at org.springframework.context.support.AbstractApplicationContext.refresh(AbstractApplicationContext.java:627) ~[spring-context-6.2.5.jar:6.2.5]
	at org.springframework.boot.web.servlet.context.ServletWebServerApplicationContext.refresh(ServletWebServerApplicationContext.java:146) ~[spring-boot-3.4.4.jar:3.4.4]
	at org.springframework.boot.SpringApplication.refresh(SpringApplication.java:752) ~[spring-boot-3.4.4.jar:3.4.4]
	at org.springframework.boot.SpringApplication.refreshContext(SpringApplication.java:439) ~[spring-boot-3.4.4.jar:3.4.4]
	at org.springframework.boot.SpringApplication.run(SpringApplication.java:318) ~[spring-boot-3.4.4.jar:3.4.4]
	at org.springframework.boot.SpringApplication.run(SpringApplication.java:1361) ~[spring-boot-3.4.4.jar:3.4.4]
	at org.springframework.boot.SpringApplication.run(SpringApplication.java:1350) ~[spring-boot-3.4.4.jar:3.4.4]
	at kr.co.greenuniversity.DemoApplication.main(DemoApplication.java:10) ~[main/:na]
	at java.base/jdk.internal.reflect.NativeMethodAccessorImpl.invoke0(Native Method) ~[na:na]
	at java.base/jdk.internal.reflect.NativeMethodAccessorImpl.invoke(NativeMethodAccessorImpl.java:77) ~[na:na]
	at java.base/jdk.internal.reflect.DelegatingMethodAccessorImpl.invoke(DelegatingMethodAccessorImpl.java:43) ~[na:na]
	at java.base/java.lang.reflect.Method.invoke(Method.java:568) ~[na:na]
	at org.springframework.boot.devtools.restart.RestartLauncher.run(RestartLauncher.java:50) ~[spring-boot-devtools-3.4.4.jar:3.4.4]
Caused by: jakarta.persistence.PersistenceException: [PersistenceUnit: default] Unable to build Hibernate SessionFactory; nested exception is org.hibernate.MappingException: Column 'lecture_code' is duplicated in mapping for entity 'kr.co.greenuniversity.entity.Department' (use '@Column(insertable=false, updatable=false)' when mapping multiple properties to the same column)
	at org.springframework.orm.jpa.AbstractEntityManagerFactoryBean.buildNativeEntityManagerFactory(AbstractEntityManagerFactoryBean.java:431) ~[spring-orm-6.2.5.jar:6.2.5]
	at org.springframework.orm.jpa.AbstractEntityManagerFactoryBean.afterPropertiesSet(AbstractEntityManagerFactoryBean.java:400) ~[spring-orm-6.2.5.jar:6.2.5]
	at org.springframework.orm.jpa.LocalContainerEntityManagerFactoryBean.afterPropertiesSet(LocalContainerEntityManagerFactoryBean.java:366) ~[spring-orm-6.2.5.jar:6.2.5]
	at org.springframework.beans.factory.support.AbstractAutowireCapableBeanFactory.invokeInitMethods(AbstractAutowireCapableBeanFactory.java:1859) ~[spring-beans-6.2.5.jar:6.2.5]
	at org.springframework.beans.factory.support.AbstractAutowireCapableBeanFactory.initializeBean(AbstractAutowireCapableBeanFactory.java:1808) ~[spring-beans-6.2.5.jar:6.2.5]
	... 20 common frames omitted
Caused by: org.hibernate.MappingException: Column 'lecture_code' is duplicated in mapping for entity 'kr.co.greenuniversity.entity.Department' (use '@Column(insertable=false, updatable=false)' when mapping multiple properties to the same column)
	at org.hibernate.mapping.Value.checkColumnDuplication(Value.java:196) ~[hibernate-core-6.6.11.Final.jar:6.6.11.Final]
	at org.hibernate.mapping.MappingHelper.checkPropertyColumnDuplication(MappingHelper.java:251) ~[hibernate-core-6.6.11.Final.jar:6.6.11.Final]
	at org.hibernate.mapping.PersistentClass.checkColumnDuplication(PersistentClass.java:941) ~[hibernate-core-6.6.11.Final.jar:6.6.11.Final]
	at org.hibernate.mapping.PersistentClass.validate(PersistentClass.java:696) ~[hibernate-core-6.6.11.Final.jar:6.6.11.Final]
	at org.hibernate.mapping.RootClass.validate(RootClass.java:286) ~[hibernate-core-6.6.11.Final.jar:6.6.11.Final]
	at org.hibernate.boot.internal.MetadataImpl.validate(MetadataImpl.java:505) ~[hibernate-core-6.6.11.Final.jar:6.6.11.Final]
	at org.hibernate.internal.SessionFactoryImpl.<init>(SessionFactoryImpl.java:282) ~[hibernate-core-6.6.11.Final.jar:6.6.11.Final]
	at org.hibernate.boot.internal.SessionFactoryBuilderImpl.build(SessionFactoryBuilderImpl.java:463) ~[hibernate-core-6.6.11.Final.jar:6.6.11.Final]
	at org.hibernate.jpa.boot.internal.EntityManagerFactoryBuilderImpl.build(EntityManagerFactoryBuilderImpl.java:1517) ~[hibernate-core-6.6.11.Final.jar:6.6.11.Final]
	at org.springframework.orm.jpa.vendor.SpringHibernateJpaPersistenceProvider.createContainerEntityManagerFactory(SpringHibernateJpaPersistenceProvider.java:66) ~[spring-orm-6.2.5.jar:6.2.5]
	at org.springframework.orm.jpa.LocalContainerEntityManagerFactoryBean.createNativeEntityManagerFactory(LocalContainerEntityManagerFactoryBean.java:390) ~[spring-orm-6.2.5.jar:6.2.5]
	at org.springframework.orm.jpa.AbstractEntityManagerFactoryBean.buildNativeEntityManagerFactory(AbstractEntityManagerFactoryBean.java:419) ~[spring-orm-6.2.5.jar:6.2.5]
	... 24 common frames omitted

2025-04-01T11:18:12.633+09:00  INFO 9240 --- [greenuniversity] [restartedMain] kr.co.greenuniversity.DemoApplication    : Starting DemoApplication v0.0.1-SNAPSHOT using Java 17.0.12 with PID 9240 (C:\Users\lotte6\Desktop\greendae\build\classes\java\main started by lotte6 in C:\Users\lotte6\Desktop\greendae)
2025-04-01T11:18:12.635+09:00  INFO 9240 --- [greenuniversity] [restartedMain] kr.co.greenuniversity.DemoApplication    : No active profile set, falling back to 1 default profile: "default"
2025-04-01T11:18:12.673+09:00  INFO 9240 --- [greenuniversity] [restartedMain] .e.DevToolsPropertyDefaultsPostProcessor : Devtools property defaults active! Set 'spring.devtools.add-properties' to 'false' to disable
2025-04-01T11:18:12.673+09:00  INFO 9240 --- [greenuniversity] [restartedMain] .e.DevToolsPropertyDefaultsPostProcessor : For additional web related logging consider setting the 'logging.level.web' property to 'DEBUG'
2025-04-01T11:18:13.306+09:00  INFO 9240 --- [greenuniversity] [restartedMain] .s.d.r.c.RepositoryConfigurationDelegate : Bootstrapping Spring Data JPA repositories in DEFAULT mode.
2025-04-01T11:18:13.383+09:00  INFO 9240 --- [greenuniversity] [restartedMain] .s.d.r.c.RepositoryConfigurationDelegate : Finished Spring Data repository scanning in 65 ms. Found 10 JPA repository interfaces.
2025-04-01T11:18:13.483+09:00  WARN 9240 --- [greenuniversity] [restartedMain] o.m.s.mapper.ClassPathMapperScanner      : No MyBatis mapper was found in '[kr.co.greenuniversity]' package. Please check your configuration.
2025-04-01T11:18:13.877+09:00  INFO 9240 --- [greenuniversity] [restartedMain] o.s.b.w.embedded.tomcat.TomcatWebServer  : Tomcat initialized with port 8081 (http)
2025-04-01T11:18:13.886+09:00  INFO 9240 --- [greenuniversity] [restartedMain] o.apache.catalina.core.StandardService   : Starting service [Tomcat]
2025-04-01T11:18:13.887+09:00  INFO 9240 --- [greenuniversity] [restartedMain] o.apache.catalina.core.StandardEngine    : Starting Servlet engine: [Apache Tomcat/10.1.39]
2025-04-01T11:18:13.924+09:00  INFO 9240 --- [greenuniversity] [restartedMain] o.a.c.c.C.[Tomcat].[localhost].[/]       : Initializing Spring embedded WebApplicationContext
2025-04-01T11:18:13.924+09:00  INFO 9240 --- [greenuniversity] [restartedMain] w.s.c.ServletWebServerApplicationContext : Root WebApplicationContext: initialization completed in 1250 ms
2025-04-01T11:18:14.116+09:00  INFO 9240 --- [greenuniversity] [restartedMain] o.hibernate.jpa.internal.util.LogHelper  : HHH000204: Processing PersistenceUnitInfo [name: default]
2025-04-01T11:18:14.164+09:00  INFO 9240 --- [greenuniversity] [restartedMain] org.hibernate.Version                    : HHH000412: Hibernate ORM core version 6.6.11.Final
2025-04-01T11:18:14.198+09:00  INFO 9240 --- [greenuniversity] [restartedMain] o.h.c.internal.RegionFactoryInitiator    : HHH000026: Second-level cache disabled
2025-04-01T11:18:14.440+09:00  INFO 9240 --- [greenuniversity] [restartedMain] o.s.o.j.p.SpringPersistenceUnitInfo      : No LoadTimeWeaver setup: ignoring JPA class transformer
2025-04-01T11:18:14.471+09:00  INFO 9240 --- [greenuniversity] [restartedMain] com.zaxxer.hikari.HikariDataSource       : HikariPool-1 - Starting...
2025-04-01T11:18:14.798+09:00  INFO 9240 --- [greenuniversity] [restartedMain] com.zaxxer.hikari.pool.HikariPool        : HikariPool-1 - Added connection com.mysql.cj.jdbc.ConnectionImpl@768b610f
2025-04-01T11:18:14.801+09:00  INFO 9240 --- [greenuniversity] [restartedMain] com.zaxxer.hikari.HikariDataSource       : HikariPool-1 - Start completed.
2025-04-01T11:18:14.867+09:00  WARN 9240 --- [greenuniversity] [restartedMain] org.hibernate.orm.deprecation            : HHH90000025: MySQLDialect does not need to be specified explicitly using 'hibernate.dialect' (remove the property setting and it will be selected by default)
2025-04-01T11:18:14.883+09:00  INFO 9240 --- [greenuniversity] [restartedMain] org.hibernate.orm.connections.pooling    : HHH10001005: Database info:
	Database JDBC URL [Connecting through datasource 'HikariDataSource (HikariPool-1)']
	Database driver: undefined/unknown
	Database version: 8.4.4
	Autocommit mode: undefined/unknown
	Isolation level: undefined/unknown
	Minimum pool size: undefined/unknown
	Maximum pool size: undefined/unknown
2025-04-01T11:18:14.892+09:00 DEBUG 9240 --- [greenuniversity] [restartedMain] o.h.t.d.sql.spi.DdlTypeRegistry          : addDescriptor(12, org.hibernate.type.descriptor.sql.internal.CapacityDependentDdlType@72385f99) replaced previous registration(org.hibernate.type.descriptor.sql.internal.CapacityDependentDdlType@2449f877)
2025-04-01T11:18:14.892+09:00 DEBUG 9240 --- [greenuniversity] [restartedMain] o.h.t.d.sql.spi.DdlTypeRegistry          : addDescriptor(-9, org.hibernate.type.descriptor.sql.internal.CapacityDependentDdlType@68342353) replaced previous registration(org.hibernate.type.descriptor.sql.internal.CapacityDependentDdlType@7450a39d)
2025-04-01T11:18:14.892+09:00 DEBUG 9240 --- [greenuniversity] [restartedMain] o.h.t.d.sql.spi.DdlTypeRegistry          : addDescriptor(-3, org.hibernate.type.descriptor.sql.internal.CapacityDependentDdlType@44a4fe19) replaced previous registration(org.hibernate.type.descriptor.sql.internal.CapacityDependentDdlType@2f453cba)
2025-04-01T11:18:14.892+09:00 DEBUG 9240 --- [greenuniversity] [restartedMain] o.h.t.d.sql.spi.DdlTypeRegistry          : addDescriptor(4003, org.hibernate.type.descriptor.sql.internal.DdlTypeImpl@66a2acba) replaced previous registration(org.hibernate.type.descriptor.sql.internal.DdlTypeImpl@171fb7b8)
2025-04-01T11:18:14.893+09:00 DEBUG 9240 --- [greenuniversity] [restartedMain] o.h.t.d.sql.spi.DdlTypeRegistry          : addDescriptor(4001, org.hibernate.type.descriptor.sql.internal.DdlTypeImpl@7428d774) replaced previous registration(org.hibernate.type.descriptor.sql.internal.DdlTypeImpl@728e95a7)
2025-04-01T11:18:14.893+09:00 DEBUG 9240 --- [greenuniversity] [restartedMain] o.h.t.d.sql.spi.DdlTypeRegistry          : addDescriptor(4002, org.hibernate.type.descriptor.sql.internal.DdlTypeImpl@1ba2030) replaced previous registration(org.hibernate.type.descriptor.sql.internal.DdlTypeImpl@6bf2e5c8)
2025-04-01T11:18:14.893+09:00 DEBUG 9240 --- [greenuniversity] [restartedMain] o.h.t.d.sql.spi.DdlTypeRegistry          : addDescriptor(2004, org.hibernate.type.descriptor.sql.internal.CapacityDependentDdlType@59530cb5) replaced previous registration(org.hibernate.type.descriptor.sql.internal.DdlTypeImpl@5f768995)
2025-04-01T11:18:14.893+09:00 DEBUG 9240 --- [greenuniversity] [restartedMain] o.h.t.d.sql.spi.DdlTypeRegistry          : addDescriptor(2005, org.hibernate.type.descriptor.sql.internal.CapacityDependentDdlType@f9d99eb) replaced previous registration(org.hibernate.type.descriptor.sql.internal.DdlTypeImpl@73bde175)
2025-04-01T11:18:14.894+09:00 DEBUG 9240 --- [greenuniversity] [restartedMain] o.h.t.d.sql.spi.DdlTypeRegistry          : addDescriptor(2011, org.hibernate.type.descriptor.sql.internal.CapacityDependentDdlType@324a6d13) replaced previous registration(org.hibernate.type.descriptor.sql.internal.DdlTypeImpl@599b70ee)
2025-04-01T11:18:15.776+09:00  INFO 9240 --- [greenuniversity] [restartedMain] o.h.e.t.j.p.i.JtaPlatformInitiator       : HHH000489: No JTA platform available (set 'hibernate.transaction.jta.platform' to enable JTA platform integration)
2025-04-01T11:18:15.779+09:00  INFO 9240 --- [greenuniversity] [restartedMain] j.LocalContainerEntityManagerFactoryBean : Initialized JPA EntityManagerFactory for persistence unit 'default'
2025-04-01T11:18:15.972+09:00  INFO 9240 --- [greenuniversity] [restartedMain] o.s.d.j.r.query.QueryEnhancerFactory     : Hibernate is in classpath; If applicable, HQL parser will be used.
2025-04-01T11:18:16.601+09:00  WARN 9240 --- [greenuniversity] [restartedMain] JpaBaseConfiguration$JpaWebConfiguration : spring.jpa.open-in-view is enabled by default. Therefore, database queries may be performed during view rendering. Explicitly configure spring.jpa.open-in-view to disable this warning
2025-04-01T11:18:16.629+09:00  INFO 9240 --- [greenuniversity] [restartedMain] r$InitializeUserDetailsManagerConfigurer : Global AuthenticationManager configured with UserDetailsService bean with name myUserDetailsService
2025-04-01T11:18:17.181+09:00  INFO 9240 --- [greenuniversity] [restartedMain] o.s.b.d.a.OptionalLiveReloadServer       : LiveReload server is running on port 35729
2025-04-01T11:18:17.209+09:00  INFO 9240 --- [greenuniversity] [restartedMain] o.s.b.w.embedded.tomcat.TomcatWebServer  : Tomcat started on port 8081 (http) with context path '/'
2025-04-01T11:18:17.215+09:00  INFO 9240 --- [greenuniversity] [restartedMain] kr.co.greenuniversity.DemoApplication    : Started DemoApplication in 5.119 seconds (process running for 5.703)
2025-04-01T11:18:21.522+09:00  INFO 9240 --- [greenuniversity] [SpringApplicationShutdownHook] o.s.b.w.e.tomcat.GracefulShutdown        : Commencing graceful shutdown. Waiting for active requests to complete
2025-04-01T11:18:21.586+09:00  INFO 9240 --- [greenuniversity] [tomcat-shutdown] o.s.b.w.e.tomcat.GracefulShutdown        : Graceful shutdown complete
2025-04-01T11:18:21.590+09:00  INFO 9240 --- [greenuniversity] [SpringApplicationShutdownHook] j.LocalContainerEntityManagerFactoryBean : Closing JPA EntityManagerFactory for persistence unit 'default'
2025-04-01T11:18:21.592+09:00  INFO 9240 --- [greenuniversity] [SpringApplicationShutdownHook] com.zaxxer.hikari.HikariDataSource       : HikariPool-1 - Shutdown initiated...
2025-04-01T11:18:21.704+09:00  INFO 9240 --- [greenuniversity] [SpringApplicationShutdownHook] com.zaxxer.hikari.HikariDataSource       : HikariPool-1 - Shutdown completed.
